

*******************************************************************************
Thu Apr 10 22:18:31 2014


FIT:    data read from '../data/g5help1.txt' u 1:2
        format = x:z
        #datapoints = 100
        residuals are weighted equally (unit weight)

function used for fitting: f1(x)
fitted parameters initialized with current variable values



 Iteration 0
 WSSR        : 348550            delta(WSSR)/WSSR   : 0
 delta(WSSR) : 0                 limit for stopping : 1e-05
 lambda	  : 41.137

initial set of free parameter values

a1              = 1
b1              = 1

After 6 iterations the fit converged.
final sum of squares of residuals : 1.89109e-41
abs. change during last iteration : -4.00336e-25


Hmmmm.... Sum of squared residuals is zero. Can't compute errors.

Final set of parameters 
======================= 

a1              = -1.30801e-23   
b1              = 8.76297e-22    


*******************************************************************************
Thu Apr 10 22:18:31 2014


FIT:    data read from '../data/g5help2.txt' u 1:2
        format = x:z
        #datapoints = 100
        residuals are weighted equally (unit weight)

function used for fitting: f2(x)
fitted parameters initialized with current variable values



 Iteration 0
 WSSR        : 348550            delta(WSSR)/WSSR   : 0
 delta(WSSR) : 0                 limit for stopping : 1e-05
 lambda	  : 41.137

initial set of free parameter values

a2              = 1
b2              = 1

After 6 iterations the fit converged.
final sum of squares of residuals : 1.89109e-41
abs. change during last iteration : -4.00336e-25


Hmmmm.... Sum of squared residuals is zero. Can't compute errors.

Final set of parameters 
======================= 

a2              = -1.30801e-23   
b2              = 8.76297e-22    


*******************************************************************************
Thu Apr 10 22:29:04 2014


FIT:    data read from '../data/g5help1.txt' u 1:2
        format = x:z
        #datapoints = 100
        residuals are weighted equally (unit weight)

function used for fitting: f1(x)
fitted parameters initialized with current variable values



 Iteration 0
 WSSR        : 321475            delta(WSSR)/WSSR   : 0
 delta(WSSR) : 0                 limit for stopping : 1e-05
 lambda	  : 41.137

initial set of free parameter values

a1              = 1
b1              = 1

After 5 iterations the fit converged.
final sum of squares of residuals : 22.3526
rel. change during last iteration : -2.64953e-13

degrees of freedom    (FIT_NDF)                        : 98
rms of residuals      (FIT_STDFIT) = sqrt(WSSR/ndf)    : 0.477585
variance of residuals (reduced chisquare) = WSSR/ndf   : 0.228087

Final set of parameters            Asymptotic Standard Error
=======================            ==========================

a1              = -0.0131238       +/- 0.001654     (12.61%)
b1              = 3.59054          +/- 0.09624      (2.68%)


correlation matrix of the fit parameters:

               a1     b1     
a1              1.000 
b1             -0.868  1.000 


*******************************************************************************
Thu Apr 10 22:29:04 2014


FIT:    data read from '../data/g5help2.txt' u 1:2
        format = x:z
        #datapoints = 100
        residuals are weighted equally (unit weight)

function used for fitting: f2(x)
fitted parameters initialized with current variable values



 Iteration 0
 WSSR        : 319704            delta(WSSR)/WSSR   : 0
 delta(WSSR) : 0                 limit for stopping : 1e-05
 lambda	  : 41.137

initial set of free parameter values

a2              = 1
b2              = 1

After 5 iterations the fit converged.
final sum of squares of residuals : 23.3162
rel. change during last iteration : -3.44968e-13

degrees of freedom    (FIT_NDF)                        : 98
rms of residuals      (FIT_STDFIT) = sqrt(WSSR/ndf)    : 0.487771
variance of residuals (reduced chisquare) = WSSR/ndf   : 0.237921

Final set of parameters            Asymptotic Standard Error
=======================            ==========================

a2              = -0.0167281       +/- 0.00169      (10.1%)
b2              = 4.01831          +/- 0.09829      (2.446%)


correlation matrix of the fit parameters:

               a2     b2     
a2              1.000 
b2             -0.868  1.000 
